<?xml version="1.0" encoding="UTF-8"?>
<!-- Generated by org.testng.reporters.JUnitReportReporter -->
<testsuite hostname="Harsh-Ravindu" failures="0" tests="1" name="com.crm.qa.testcases.LoginPageTest" time="16.443" errors="0" timestamp="25 Mar 2021 07:35:45 GMT" skipped="0">
  <testcase classname="com.crm.qa.testcases.LoginPageTest" name="loginPageTitleTest" time="16.443"/>
</testsuite> <!-- com.crm.qa.testcases.LoginPageTest -->
