<?xml version="1.0" encoding="UTF-8"?>
<!-- Generated by org.testng.reporters.JUnitReportReporter -->
<testsuite hostname="Harsh-Ravindu" failures="0" tests="1" name="com.qa.testcases.ShippingPaymentPageTest" time="110.898" errors="0" timestamp="27 Mar 2021 02:33:55 GMT" skipped="0">
  <testcase classname="com.qa.testcases.ShippingPaymentPageTest" name="verifyShippingPayment" time="110.898"/>
</testsuite> <!-- com.qa.testcases.ShippingPaymentPageTest -->
