<?xml version="1.0" encoding="UTF-8"?>
<!-- Generated by org.testng.reporters.JUnitReportReporter -->
<testsuite hostname="Harsh-Ravindu" failures="0" tests="1" name="com.crm.qa.testcases.MyAddressPageTest" time="20.533" errors="0" timestamp="25 Mar 2021 17:29:11 GMT" skipped="0">
  <testcase classname="com.crm.qa.testcases.MyAddressPageTest" name="VerifyAddNewAddress" time="20.533"/>
</testsuite> <!-- com.crm.qa.testcases.MyAddressPageTest -->
